<?xml version="1.0" encoding="UTF-8"?>
<!-- Generated by org.testng.reporters.JUnitReportReporter -->
<testsuite hostname="REM-LT-230515B" failures="0" tests="1" name="com.unosquare.FirstPrBddUnknown" time="2.508" errors="0" timestamp="2023-05-25T11:43:17 CST" skipped="0">
  <testcase classname="com.unosquare.FirstPrBddUnknown" name="f" time="2.508"/>
  <system-out>
    <![CDATA[Sucess 200 validation]]>
  </system-out>
</testsuite> <!-- com.unosquare.FirstPrBddUnknown -->
