<?xml version="1.0" encoding="UTF-8"?>
<!-- Generated by org.testng.reporters.JUnitReportReporter -->
<testsuite hostname="REM-LT-230515B" failures="0" tests="1" name="com.unosquare.FirstPrUnknown" time="2.181" errors="0" timestamp="2023-05-25T10:20:03 CST" skipped="0">
  <testcase classname="com.unosquare.FirstPrUnknown" name="f" time="2.181"/>
  <system-out>
    <![CDATA[Sucess 200 validation
{"data":{"id":2,"name":"fuchsia rose","year":2001,"color":"#C74375","pantone_value":"17-2031"},"support":{"url":"https://reqres.in/#support-heading","text":"To keep ReqRes free, contributions towards server costs are appreciated!"}}]]>
  </system-out>
</testsuite> <!-- com.unosquare.FirstPrUnknown -->
