<?xml version="1.0" encoding="UTF-8"?>
<!-- Generated by org.testng.reporters.JUnitReportReporter -->
<testsuite hostname="REM-LT-230515B" failures="0" tests="1" name="com.unosquare.ApiPostExampleTest" time="1.796" errors="0" timestamp="2023-05-25T13:28:22 CST" skipped="0">
  <testcase classname="com.unosquare.ApiPostExampleTest" name="f" time="1.796"/>
  <system-out/>
</testsuite> <!-- com.unosquare.ApiPostExampleTest -->
