<?xml version="1.0" encoding="UTF-8"?>
<!-- Generated by org.testng.reporters.JUnitReportReporter -->
<testsuite hostname="REM-LT-230515B" failures="0" tests="1" name="com.unosquare.ApiGetExampleTest2" time="0.001" errors="0" timestamp="2023-05-25T13:28:22 CST" skipped="0">
  <testcase classname="com.unosquare.ApiGetExampleTest2" name="f" time="0.001"/>
  <system-out/>
</testsuite> <!-- com.unosquare.ApiGetExampleTest2 -->
