<?xml version="1.0" encoding="UTF-8"?>
<!-- Generated by org.testng.reporters.JUnitReportReporter -->
<testsuite hostname="REM-LT-230515B" failures="0" tests="1" name="com.unosquare.FirstPrBdd" time="2.135" errors="0" timestamp="2023-05-25T11:36:57 CST" skipped="0">
  <testcase classname="com.unosquare.FirstPrBdd" name="f" time="2.135"/>
  <system-out>
    <![CDATA[Sucess 200 validation]]>
  </system-out>
</testsuite> <!-- com.unosquare.FirstPrBdd -->
