<?xml version="1.0" encoding="UTF-8"?>
<!-- Generated by org.testng.reporters.JUnitReportReporter -->
<testsuite hostname="REM-LT-230515B" failures="0" tests="1" name="com.unosquare.FirstPostPr" time="1.921" errors="0" timestamp="2023-05-25T13:02:34 CST" skipped="0">
  <testcase classname="com.unosquare.FirstPostPr" name="f" time="1.921"/>
  <system-out>
    <![CDATA[Created register with the following values: {"password":"pistol","email":"eve.holt.reqres.in"}
Response Body: {
    "password": "pistol",
    "email": "eve.holt.reqres.in",
    "id": "902",
    "createdAt": "2023-05-25T19:02:54.803Z"
}
Response Code: 201
URL: https://reqres.in/api/users]]>
  </system-out>
</testsuite> <!-- com.unosquare.FirstPostPr -->
