<?xml version="1.0" encoding="UTF-8"?>
<!-- Generated by org.testng.reporters.JUnitReportReporter -->
<testsuite hostname="REM-LT-230515B" failures="0" tests="1" name="com.unosquare.SecondPostPr" time="1.942" errors="0" timestamp="2023-05-25T13:10:27 CST" skipped="0">
  <testcase classname="com.unosquare.SecondPostPr" name="f" time="1.942"/>
  <system-out>
    <![CDATA[Created register with the following values: {"name":"morpheus","job":"leader"}
 | Response Body: {
    "name": "morpheus",
    "job": "leader",
    "id": "305",
    "createdAt": "2023-05-25T19:10:47.172Z"
}
 | Response Code: 201
 | URL: https://reqres.in/api/users]]>
  </system-out>
</testsuite> <!-- com.unosquare.SecondPostPr -->
