<?xml version="1.0" encoding="UTF-8"?>
<!-- Generated by org.testng.reporters.JUnitReportReporter -->
<testsuite hostname="REM-LT-230515B" failures="0" tests="1" name="com.unosquare.EncapsulationTest" time="1.836" errors="0" timestamp="2023-05-25T13:49:37 CST" skipped="0">
  <testcase classname="com.unosquare.EncapsulationTest" name="f" time="1.836"/>
  <system-out>
    <![CDATA[Current File : {"password":"cityslicka","email":"eve.holt@reqres.in"}]]>
  </system-out>
</testsuite> <!-- com.unosquare.EncapsulationTest -->
