<?xml version="1.0" encoding="UTF-8"?>
<!-- Generated by org.testng.reporters.JUnitReportReporter -->
<testsuite hostname="REM-LT-230515B" failures="0" tests="1" name="com.unosquare.FirstPrUsers" time="2.183" errors="0" timestamp="2023-05-25T10:16:33 CST" skipped="0">
  <testcase classname="com.unosquare.FirstPrUsers" name="f" time="2.183"/>
  <system-out>
    <![CDATA[Sucess 200 validation
{"data":{"id":2,"email":"janet.weaver@reqres.in","first_name":"Janet","last_name":"Weaver","avatar":"https://reqres.in/img/faces/2-image.jpg"},"support":{"url":"https://reqres.in/#support-heading","text":"To keep ReqRes free, contributions towards server costs are appreciated!"}}]]>
  </system-out>
</testsuite> <!-- com.unosquare.FirstPrUsers -->
